<?xml version="1.0" encoding="UTF-8"?>
<!-- Generated by org.testng.reporters.JUnitXMLReporter -->
<testsuite ignored="0" hostname="LAPTOP-GEB611HM" failures="0" tests="3" name="Default test" time="4.431" errors="0" timestamp="2026-04-04T21:14:18 IST">
  <testcase classname="day4.ParsingJsonResponsdata" name="testJsonResponseApproach2" time="4.149"/>
  <testcase classname="day4.ParsingJsonResponsdata" name="testJsonResponseusingBodyData" time="0.119"/>
  <testcase classname="day4.ParsingJsonResponsdata" name="validateTotalProductPrice" time="0.081"/>
</testsuite> <!-- Default test -->
