<?xml version="1.0" encoding="UTF-8"?>
<!-- Generated by org.testng.reporters.JUnitXMLReporter -->
<testsuite ignored="0" hostname="LAPTOP-GEB611HM" failures="0" tests="4" name="Default test" time="7.753" errors="0" timestamp="2026-04-23T17:44:46 IST">
  <testcase classname="dynamicJsonDataHandling22042026.AddDataUsingFataProviders" name="addBook" time="4.406"/>
  <testcase classname="dynamicJsonDataHandling22042026.AddDataUsingFataProviders" name="addBook" time="1.691"/>
  <testcase classname="dynamicJsonDataHandling22042026.AddDataUsingFataProviders" name="addBook" time="0.682"/>
  <testcase classname="dynamicJsonDataHandling22042026.AddDataUsingFataProviders" name="addBook" time="0.845"/>
</testsuite> <!-- Default test -->
