<?xml version="1.0" encoding="UTF-8"?>
<testng-results ignored="0" total="3" passed="3" failed="0" skipped="0">
  <reporter-output>
  </reporter-output>
  <suite started-at="2026-04-04T21:14:14 IST" name="Default suite" finished-at="2026-04-04T21:14:18 IST" duration-ms="4431">
    <groups>
    </groups>
    <test started-at="2026-04-04T21:14:14 IST" name="Default test" finished-at="2026-04-04T21:14:18 IST" duration-ms="4431">
      <class name="day4.ParsingJsonResponsdata">
        <test-method signature="testJsonResponseApproach2()[pri:2, instance:day4.ParsingJsonResponsdata@4944252c]" started-at="2026-04-04T21:14:14 IST" name="testJsonResponseApproach2" finished-at="2026-04-04T21:14:18 IST" duration-ms="4149" status="PASS">
          <reporter-output>
          </reporter-output>
        </test-method> <!-- testJsonResponseApproach2 -->
        <test-method signature="testJsonResponseusingBodyData()[pri:3, instance:day4.ParsingJsonResponsdata@4944252c]" started-at="2026-04-04T21:14:18 IST" name="testJsonResponseusingBodyData" finished-at="2026-04-04T21:14:18 IST" duration-ms="119" status="PASS">
          <reporter-output>
          </reporter-output>
        </test-method> <!-- testJsonResponseusingBodyData -->
        <test-method signature="validateTotalProductPrice()[pri:4, instance:day4.ParsingJsonResponsdata@4944252c]" started-at="2026-04-04T21:14:18 IST" name="validateTotalProductPrice" finished-at="2026-04-04T21:14:18 IST" duration-ms="81" status="PASS">
          <reporter-output>
          </reporter-output>
        </test-method> <!-- validateTotalProductPrice -->
      </class> <!-- day4.ParsingJsonResponsdata -->
    </test> <!-- Default test -->
  </suite> <!-- Default suite -->
</testng-results>
