<?xml version="1.0" encoding="UTF-8"?>
<testng-results ignored="0" total="1" passed="1" failed="0" skipped="0">
  <reporter-output>
  </reporter-output>
  <suite started-at="2026-04-05T00:35:57 IST" name="Default suite" finished-at="2026-04-05T00:36:02 IST" duration-ms="5107">
    <groups>
    </groups>
    <test started-at="2026-04-05T00:35:57 IST" name="Default test" finished-at="2026-04-05T00:36:02 IST" duration-ms="5107">
      <class name="day5.ParsingXMLResponse">
        <test-method signature="testXMLResponse()[pri:1, instance:day5.ParsingXMLResponse@4944252c]" started-at="2026-04-05T00:35:57 IST" name="testXMLResponse" finished-at="2026-04-05T00:36:02 IST" duration-ms="5052" status="PASS">
          <reporter-output>
          </reporter-output>
        </test-method> <!-- testXMLResponse -->
      </class> <!-- day5.ParsingXMLResponse -->
    </test> <!-- Default test -->
  </suite> <!-- Default suite -->
</testng-results>
