<?xml version="1.0" encoding="UTF-8"?>
<!-- Generated by org.testng.reporters.JUnitReportReporter -->
<testsuite hostname="LAPTOP-GEB611HM" failures="0" tests="4" name="dynamicJsonDataHandling22042026.AddDataUsingFataProviders" time="7.624" errors="0" timestamp="2026-04-23T17:44:47 IST" skipped="0">
  <testcase classname="dynamicJsonDataHandling22042026.AddDataUsingFataProviders" name="addBook" time="0.682"/>
  <system-out/>
  <testcase classname="dynamicJsonDataHandling22042026.AddDataUsingFataProviders" name="addBook" time="4.406"/>
  <system-out/>
  <testcase classname="dynamicJsonDataHandling22042026.AddDataUsingFataProviders" name="addBook" time="1.691"/>
  <system-out/>
  <testcase classname="dynamicJsonDataHandling22042026.AddDataUsingFataProviders" name="addBook" time="0.845"/>
  <system-out/>
</testsuite> <!-- dynamicJsonDataHandling22042026.AddDataUsingFataProviders -->
