<?xml version="1.0" encoding="UTF-8"?>
<!-- Generated by org.testng.reporters.JUnitReportReporter -->
<testsuite hostname="LAPTOP-GEB611HM" failures="0" tests="1" name="jiraAPI_usingBasicAuth.CreatingBugWithAttachmentUsingJIRAapi" time="9.829" errors="0" timestamp="2026-04-24T00:20:12 IST" skipped="0">
  <testcase classname="jiraAPI_usingBasicAuth.CreatingBugWithAttachmentUsingJIRAapi" name="createBug" time="9.829"/>
  <system-out/>
</testsuite> <!-- jiraAPI_usingBasicAuth.CreatingBugWithAttachmentUsingJIRAapi -->
