<?xml version="1.0" encoding="UTF-8"?>
<!-- Generated by org.testng.reporters.JUnitReportReporter -->
<testsuite hostname="LAPTOP-GEB611HM" failures="0" tests="3" name="crud_operations.PaatcchOperation" time="5.141" errors="0" timestamp="2026-04-08T00:39:22 IST" skipped="0">
  <testcase classname="crud_operations.PaatcchOperation" name="getDataBeforeUpdate" time="4.903"/>
  <system-out/>
  <testcase classname="crud_operations.PaatcchOperation" name="patchData" time="0.163"/>
  <system-out/>
  <testcase classname="crud_operations.PaatcchOperation" name="getDataAfterUpdate" time="0.075"/>
  <system-out/>
</testsuite> <!-- crud_operations.PaatcchOperation -->
