<?xml version="1.0" encoding="UTF-8"?>
<!-- Generated by org.testng.reporters.JUnitReportReporter -->
<testsuite hostname="LAPTOP-GEB611HM" failures="0" tests="3" name="day4.ParsingJsonResponsdata" time="4.349" errors="0" timestamp="2026-04-04T21:14:18 IST" skipped="0">
  <testcase classname="day4.ParsingJsonResponsdata" name="testJsonResponseApproach2" time="4.149"/>
  <system-out/>
  <testcase classname="day4.ParsingJsonResponsdata" name="testJsonResponseusingBodyData" time="0.119"/>
  <system-out/>
  <testcase classname="day4.ParsingJsonResponsdata" name="validateTotalProductPrice" time="0.081"/>
  <system-out/>
</testsuite> <!-- day4.ParsingJsonResponsdata -->
