<?xml version="1.0" encoding="UTF-8"?>
<!-- Generated by org.testng.reporters.JUnitReportReporter -->
<testsuite hostname="LAPTOP-GEB611HM" failures="0" tests="2" name="basics.GettingDataFromMockData" time="2.591" errors="0" timestamp="2026-04-23T00:27:38 IST" skipped="0">
  <testcase classname="basics.GettingDataFromMockData" name="getCourseDatas" time="2.426"/>
  <system-out/>
  <testcase classname="basics.GettingDataFromMockData" name="validateTotalAndCoursePrice" time="0.165"/>
  <system-out/>
</testsuite> <!-- basics.GettingDataFromMockData -->
