<?xml version="1.0" encoding="UTF-8"?>
<!-- Generated by org.testng.reporters.JUnitReportReporter -->
<testsuite hostname="LAPTOP-GEB611HM" failures="0" tests="2" name="day5.ParsingXMLResponse" time="6.286" errors="0" timestamp="2026-04-05T18:17:23 IST" skipped="0">
  <testcase classname="day5.ParsingXMLResponse" name="testXMLResponse" time="5.224"/>
  <system-out/>
  <testcase classname="day5.ParsingXMLResponse" name="testXMLResponseUsinngResponseBody" time="1.062"/>
  <system-out/>
</testsuite> <!-- day5.ParsingXMLResponse -->
