<?xml version="1.0" encoding="UTF-8"?>
<!-- Generated by org.testng.reporters.JUnitReportReporter -->
<testsuite hostname="LAPTOP-GEB611HM" failures="0" tests="1" name="jiraAPI_usingBasicAuth.CreatingBugWithAttachmentUsingJIRAapi" time="7.916" errors="0" timestamp="2026-04-24T22:45:00 IST" skipped="0">
  <testcase classname="jiraAPI_usingBasicAuth.CreatingBugWithAttachmentUsingJIRAapi" name="createBug" time="7.916"/>
  <system-out/>
</testsuite> <!-- jiraAPI_usingBasicAuth.CreatingBugWithAttachmentUsingJIRAapi -->
