<?xml version="1.0" encoding="UTF-8"?>
<!-- Generated by org.testng.reporters.JUnitReportReporter -->
<testsuite hostname="LAPTOP-GEB611HM" failures="0" tests="3" name="day2.WaysToCreatePostRequestBody" time="5.164" errors="0" timestamp="2026-04-01T01:33:34 IST" skipped="0">
  <testcase classname="day2.WaysToCreatePostRequestBody" name="testPostUsingJSONFile" time="4.919"/>
  <system-out/>
  <testcase classname="day2.WaysToCreatePostRequestBody" name="getAllStudents" time="0.154"/>
  <system-out/>
  <testcase classname="day2.WaysToCreatePostRequestBody" name="testDelete" time="0.091"/>
  <system-out/>
</testsuite> <!-- day2.WaysToCreatePostRequestBody -->
